<?xml version="1.0" encoding="UTF-8"?>
<!-- Generated by org.testng.reporters.JUnitReportReporter -->
<testsuite hostname="Yogesh" failures="0" tests="1" name="scripts.TestCase1" time="12.302" errors="0" timestamp="2022-12-29T21:07:06 IST" skipped="0">
  <testcase classname="scripts.TestCase1" name="tc1" time="12.302"/>
  <system-out/>
</testsuite> <!-- scripts.TestCase1 -->
