<?xml version="1.0" encoding="UTF-8"?>
<!-- Generated by org.testng.reporters.JUnitReportReporter -->
<testsuite hostname="Yogesh" failures="0" tests="1" name="scripts.TestCase3" time="18.582" errors="0" timestamp="2022-12-29T21:07:06 IST" skipped="0">
  <testcase classname="scripts.TestCase3" name="tc3" time="18.582"/>
  <system-out/>
</testsuite> <!-- scripts.TestCase3 -->
